System check identified some issues:

WARNINGS:
tool.user_activity_log.duration: (fields.W161) Fixed default value provided.
	HINT: It seems you set a fixed date / time / datetime value as default for this field. This may not be what you want. If you want to have the current date as default, use `django.utils.timezone.now`

System check identified 1 issue (0 silenced).
2023-03-10 12:28:38,904 django.security.DisallowedHost ERROR    Invalid HTTP_HOST header: 'app.olatechs.com:9092'. You may need to add 'app.olatechs.com' to ALLOWED_HOSTS.
Traceback (most recent call last):
  File "/home/itsm/Desktop/itsm/Ola_Itsm/ticketing_tool/venv/lib/python3.10/site-packages/django/core/handlers/exception.py", line 55, in inner
    response = get_response(request)
  File "/home/itsm/Desktop/itsm/Ola_Itsm/ticketing_tool/venv/lib/python3.10/site-packages/django/utils/deprecation.py", line 135, in __call__
    response = self.process_request(request)
  File "/home/itsm/Desktop/itsm/Ola_Itsm/ticketing_tool/venv/lib/python3.10/site-packages/django/middleware/common.py", line 48, in process_request
    host = request.get_host()
  File "/home/itsm/Desktop/itsm/Ola_Itsm/ticketing_tool/venv/lib/python3.10/site-packages/django/http/request.py", line 148, in get_host
    raise DisallowedHost(msg)
django.core.exceptions.DisallowedHost: Invalid HTTP_HOST header: 'app.olatechs.com:9092'. You may need to add 'app.olatechs.com' to ALLOWED_HOSTS.
2023-03-10 12:28:39,095 django.request WARNING  Bad Request: /
[10/Mar/2023 12:28:39] "GET / HTTP/1.1" 400 66820
2023-03-10 12:28:39,748 django.security.DisallowedHost ERROR    Invalid HTTP_HOST header: 'app.olatechs.com:9092'. You may need to add 'app.olatechs.com' to ALLOWED_HOSTS.
Traceback (most recent call last):
  File "/home/itsm/Desktop/itsm/Ola_Itsm/ticketing_tool/venv/lib/python3.10/site-packages/django/core/handlers/exception.py", line 55, in inner
    response = get_response(request)
  File "/home/itsm/Desktop/itsm/Ola_Itsm/ticketing_tool/venv/lib/python3.10/site-packages/django/utils/deprecation.py", line 135, in __call__
    response = self.process_request(request)
  File "/home/itsm/Desktop/itsm/Ola_Itsm/ticketing_tool/venv/lib/python3.10/site-packages/django/middleware/common.py", line 48, in process_request
    host = request.get_host()
  File "/home/itsm/Desktop/itsm/Ola_Itsm/ticketing_tool/venv/lib/python3.10/site-packages/django/http/request.py", line 148, in get_host
    raise DisallowedHost(msg)
django.core.exceptions.DisallowedHost: Invalid HTTP_HOST header: 'app.olatechs.com:9092'. You may need to add 'app.olatechs.com' to ALLOWED_HOSTS.
2023-03-10 12:28:39,853 django.request WARNING  Bad Request: /favicon.ico
[10/Mar/2023 12:28:39] "GET /favicon.ico HTTP/1.1" 400 66794
2023-03-10 12:33:40,997 django.security.DisallowedHost ERROR    Invalid HTTP_HOST header: 'app.olatechs.com:9092'. You may need to add 'app.olatechs.com' to ALLOWED_HOSTS.
Traceback (most recent call last):
  File "/home/itsm/Desktop/itsm/Ola_Itsm/ticketing_tool/venv/lib/python3.10/site-packages/django/core/handlers/exception.py", line 55, in inner
    response = get_response(request)
  File "/home/itsm/Desktop/itsm/Ola_Itsm/ticketing_tool/venv/lib/python3.10/site-packages/django/utils/deprecation.py", line 135, in __call__
    response = self.process_request(request)
  File "/home/itsm/Desktop/itsm/Ola_Itsm/ticketing_tool/venv/lib/python3.10/site-packages/django/middleware/common.py", line 48, in process_request
    host = request.get_host()
  File "/home/itsm/Desktop/itsm/Ola_Itsm/ticketing_tool/venv/lib/python3.10/site-packages/django/http/request.py", line 148, in get_host
    raise DisallowedHost(msg)
django.core.exceptions.DisallowedHost: Invalid HTTP_HOST header: 'app.olatechs.com:9092'. You may need to add 'app.olatechs.com' to ALLOWED_HOSTS.
2023-03-10 12:33:41,054 django.request WARNING  Bad Request: /
[10/Mar/2023 12:33:41] "GET / HTTP/1.1" 400 67009
2023-03-10 12:33:41,916 django.security.DisallowedHost ERROR    Invalid HTTP_HOST header: 'app.olatechs.com:9092'. You may need to add 'app.olatechs.com' to ALLOWED_HOSTS.
Traceback (most recent call last):
  File "/home/itsm/Desktop/itsm/Ola_Itsm/ticketing_tool/venv/lib/python3.10/site-packages/django/core/handlers/exception.py", line 55, in inner
    response = get_response(request)
  File "/home/itsm/Desktop/itsm/Ola_Itsm/ticketing_tool/venv/lib/python3.10/site-packages/django/utils/deprecation.py", line 135, in __call__
    response = self.process_request(request)
  File "/home/itsm/Desktop/itsm/Ola_Itsm/ticketing_tool/venv/lib/python3.10/site-packages/django/middleware/common.py", line 48, in process_request
    host = request.get_host()
  File "/home/itsm/Desktop/itsm/Ola_Itsm/ticketing_tool/venv/lib/python3.10/site-packages/django/http/request.py", line 148, in get_host
    raise DisallowedHost(msg)
django.core.exceptions.DisallowedHost: Invalid HTTP_HOST header: 'app.olatechs.com:9092'. You may need to add 'app.olatechs.com' to ALLOWED_HOSTS.
2023-03-10 12:33:41,982 django.request WARNING  Bad Request: /favicon.ico
[10/Mar/2023 12:33:41] "GET /favicon.ico HTTP/1.1" 400 66994
Performing system checks...

March 10, 2023 - 12:28:08
Django version 4.1.6, using settings 'techticket.settings'
Starting development server at http://0.0.0.0:9092/
Quit the server with CONTROL-C.
System check identified some issues:

WARNINGS:
tool.user_activity_log.duration: (fields.W161) Fixed default value provided.
	HINT: It seems you set a fixed date / time / datetime value as default for this field. This may not be what you want. If you want to have the current date as default, use `django.utils.timezone.now`

System check identified 1 issue (0 silenced).
System check identified some issues:

WARNINGS:
tool.user_activity_log.duration: (fields.W161) Fixed default value provided.
	HINT: It seems you set a fixed date / time / datetime value as default for this field. This may not be what you want. If you want to have the current date as default, use `django.utils.timezone.now`

System check identified 1 issue (0 silenced).
[10/Mar/2023 12:49:28] "GET /logout/ HTTP/1.1" 302 0
[10/Mar/2023 12:49:28] "GET /login_render/?next=/logout/ HTTP/1.1" 200 3443
[10/Mar/2023 12:49:35] "GET / HTTP/1.1" 302 0
[10/Mar/2023 12:49:35] "GET /login_render/?next=/ HTTP/1.1" 200 3443
2023-03-10 12:49:37,642 django.request WARNING  Not Found: /favicon.ico
[10/Mar/2023 12:49:37] "GET /favicon.ico HTTP/1.1" 404 49046
[10/Mar/2023 12:49:38] "GET /static/images/mountains-1112911_1920.jpg HTTP/1.1" 200 254216
[10/Mar/2023 12:49:42] "GET / HTTP/1.1" 302 0
[10/Mar/2023 12:49:43] "GET /login_render/?next=/ HTTP/1.1" 200 3443
[10/Mar/2023 12:49:44] "GET /static/images/mountains-1112911_1920.jpg HTTP/1.1" 200 254216
2023-03-10 12:49:46,266 django.request WARNING  Not Found: /favicon.ico
[10/Mar/2023 12:49:46] "GET /favicon.ico HTTP/1.1" 404 49046
[10/Mar/2023 12:49:47] "GET / HTTP/1.1" 302 0
[10/Mar/2023 12:49:47] "GET /login_render/?next=/ HTTP/1.1" 200 3443
[10/Mar/2023 12:49:49] "POST /login HTTP/1.1" 302 0
[10/Mar/2023 12:49:49] "GET / HTTP/1.1" 200 20067
[10/Mar/2023 12:49:56] "GET /logout/ HTTP/1.1" 200 3443
[10/Mar/2023 12:50:05] "POST /login HTTP/1.1" 302 0
[10/Mar/2023 12:50:05] "GET / HTTP/1.1" 302 0
[10/Mar/2023 12:50:05] "GET /login_render/?next=/ HTTP/1.1" 200 3507
[10/Mar/2023 12:50:22] "POST /login HTTP/1.1" 302 0
[10/Mar/2023 12:50:22] "GET / HTTP/1.1" 302 0
[10/Mar/2023 12:50:22] "GET /login_render/?next=/ HTTP/1.1" 200 3507
[10/Mar/2023 12:50:42] "GET /login_render/?next=/ HTTP/1.1" 200 3443
[10/Mar/2023 12:50:42] "GET /login_render/?next=/ HTTP/1.1" 200 3443
[10/Mar/2023 12:51:26] "POST /login HTTP/1.1" 302 0
[10/Mar/2023 12:51:26] "GET / HTTP/1.1" 200 20067
[10/Mar/2023 12:51:27] "GET /static/fontawesome-free/css/all.min.css HTTP/1.1" 200 58935
[10/Mar/2023 12:51:27] "GET /static/style.css HTTP/1.1" 200 9896
[10/Mar/2023 12:51:27] "GET /static/index.js HTTP/1.1" 200 2027
[10/Mar/2023 12:51:27] "GET /static/images/admin.png HTTP/1.1" 200 8229
[10/Mar/2023 12:51:28] "GET /static/images/olatlogo_300dpi_updated.png HTTP/1.1" 200 211692
[10/Mar/2023 12:51:28] "GET /static/fontawesome-free/webfonts/fa-solid-900.woff2 HTTP/1.1" 200 80328
[10/Mar/2023 12:51:30] "POST /login HTTP/1.1" 302 0
[10/Mar/2023 12:51:30] "GET / HTTP/1.1" 302 0
[10/Mar/2023 12:51:30] "GET /login_render/?next=/ HTTP/1.1" 200 3507
[10/Mar/2023 12:51:33] "GET /newchange HTTP/1.1" 301 0
2023-03-10 12:51:33,442 django.request ERROR    Internal Server Error: /newchange/
Traceback (most recent call last):
  File "/home/itsm/Desktop/itsm/Ola_Itsm/ticketing_tool/venv/lib/python3.10/site-packages/django/core/handlers/exception.py", line 55, in inner
    response = get_response(request)
  File "/home/itsm/Desktop/itsm/Ola_Itsm/ticketing_tool/venv/lib/python3.10/site-packages/django/core/handlers/base.py", line 197, in _get_response
    response = wrapped_callback(request, *callback_args, **callback_kwargs)
  File "/home/itsm/Desktop/itsm/Ola_Itsm/ticketing_tool/venv/lib/python3.10/site-packages/django/contrib/auth/decorators.py", line 23, in _wrapped_view
    return view_func(request, *args, **kwargs)
  File "/home/itsm/Desktop/itsm/Ola_Itsm/ticketing_tool/techticket/tool/views.py", line 1267, in newchange
    if user.ch_organization.ch_name == "Inhouse":
AttributeError: 'NoneType' object has no attribute 'ch_name'
[10/Mar/2023 12:51:33] "GET /newchange/ HTTP/1.1" 500 71110
[10/Mar/2023 12:52:04] "POST /login HTTP/1.1" 302 0
[10/Mar/2023 12:52:04] "GET / HTTP/1.1" 200 20067
[10/Mar/2023 12:52:04] "GET /static/fontawesome-free/css/all.min.css HTTP/1.1" 200 58935
[10/Mar/2023 12:52:04] "GET /static/style.css HTTP/1.1" 200 9896
[10/Mar/2023 12:52:05] "GET /static/index.js HTTP/1.1" 200 2027
[10/Mar/2023 12:52:05] "GET /static/images/admin.png HTTP/1.1" 200 8229
[10/Mar/2023 12:52:05] "GET /static/fontawesome-free/webfonts/fa-solid-900.woff2 HTTP/1.1" 200 80328
[10/Mar/2023 12:52:07] "GET /static/images/olatlogo_300dpi_updated.png HTTP/1.1" 200 211692
[10/Mar/2023 12:52:07] "GET /logout/ HTTP/1.1" 302 0
[10/Mar/2023 12:52:07] "GET /login_render/?next=/logout/ HTTP/1.1" 200 3449
[10/Mar/2023 12:53:47] "GET /login_render/?next=/logout/ HTTP/1.1" 200 3449
[10/Mar/2023 12:53:47] "GET /static/images/mountains-1112911_1920.jpg HTTP/1.1" 200 254216
[10/Mar/2023 12:56:02] "GET /newchange HTTP/1.1" 301 0
2023-03-10 12:56:02,907 django.request ERROR    Internal Server Error: /newchange/
Traceback (most recent call last):
  File "/home/itsm/Desktop/itsm/Ola_Itsm/ticketing_tool/venv/lib/python3.10/site-packages/django/core/handlers/exception.py", line 55, in inner
    response = get_response(request)
  File "/home/itsm/Desktop/itsm/Ola_Itsm/ticketing_tool/venv/lib/python3.10/site-packages/django/core/handlers/base.py", line 197, in _get_response
    response = wrapped_callback(request, *callback_args, **callback_kwargs)
  File "/home/itsm/Desktop/itsm/Ola_Itsm/ticketing_tool/venv/lib/python3.10/site-packages/django/contrib/auth/decorators.py", line 23, in _wrapped_view
    return view_func(request, *args, **kwargs)
  File "/home/itsm/Desktop/itsm/Ola_Itsm/ticketing_tool/techticket/tool/views.py", line 1267, in newchange
    if user.ch_organization.ch_name == "Inhouse":
AttributeError: 'NoneType' object has no attribute 'ch_name'
[10/Mar/2023 12:56:02] "GET /newchange/ HTTP/1.1" 500 71077
[10/Mar/2023 12:56:09] "GET /userrequest HTTP/1.1" 301 0
2023-03-10 12:56:09,486 django.request ERROR    Internal Server Error: /userrequest/
Traceback (most recent call last):
  File "/home/itsm/Desktop/itsm/Ola_Itsm/ticketing_tool/venv/lib/python3.10/site-packages/django/core/handlers/exception.py", line 55, in inner
    response = get_response(request)
  File "/home/itsm/Desktop/itsm/Ola_Itsm/ticketing_tool/venv/lib/python3.10/site-packages/django/core/handlers/base.py", line 197, in _get_response
    response = wrapped_callback(request, *callback_args, **callback_kwargs)
  File "/home/itsm/Desktop/itsm/Ola_Itsm/ticketing_tool/venv/lib/python3.10/site-packages/django/contrib/auth/decorators.py", line 23, in _wrapped_view
    return view_func(request, *args, **kwargs)
  File "/home/itsm/Desktop/itsm/Ola_Itsm/ticketing_tool/techticket/tool/views.py", line 1557, in user_request
    if user.ch_organization.ch_name == 'Inhouse':
AttributeError: 'NoneType' object has no attribute 'ch_name'
[10/Mar/2023 12:56:09] "GET /userrequest/ HTTP/1.1" 500 71145
[10/Mar/2023 12:56:21] "GET /logs HTTP/1.1" 301 0
/home/itsm/Desktop/itsm/Ola_Itsm/ticketing_tool/techticket/tool/views.py:250: UnorderedObjectListWarning: Pagination may yield inconsistent results with an unordered object_list: <class 'tool.models.user_activity_log'> QuerySet.
  paginator = Paginator(log, 10)
[10/Mar/2023 12:56:21] "GET /logs/ HTTP/1.1" 200 21809
[10/Mar/2023 12:56:39] "GET /logs/?searchname=admin HTTP/1.1" 200 18924
[10/Mar/2023 12:56:50] "GET / HTTP/1.1" 302 0
[10/Mar/2023 12:56:50] "GET /login_render/?next=/ HTTP/1.1" 200 3449
[10/Mar/2023 12:56:52] "GET /static/images/mountains-1112911_1920.jpg HTTP/1.1" 200 254216
2023-03-10 12:56:53,695 django.request WARNING  Not Found: /favicon.ico
[10/Mar/2023 12:56:53] "GET /favicon.ico HTTP/1.1" 404 49046
[10/Mar/2023 12:57:09] "GET / HTTP/1.1" 302 0
[10/Mar/2023 12:57:09] "GET /login_render/?next=/ HTTP/1.1" 200 3449
[10/Mar/2023 12:57:11] "GET /static/images/mountains-1112911_1920.jpg HTTP/1.1" 200 254216
2023-03-10 12:57:12,954 django.request WARNING  Not Found: /favicon.ico
[10/Mar/2023 12:57:12] "GET /favicon.ico HTTP/1.1" 404 49046
[10/Mar/2023 12:57:41] "GET /login_render/?next=/ HTTP/1.1" 200 3449
[10/Mar/2023 12:57:55] "POST /login HTTP/1.1" 302 0
[10/Mar/2023 12:57:55] "GET / HTTP/1.1" 200 20067
[10/Mar/2023 12:57:56] "GET /static/fontawesome-free/css/all.min.css HTTP/1.1" 200 58935
[10/Mar/2023 12:57:56] "GET /static/style.css HTTP/1.1" 200 9896
[10/Mar/2023 12:57:56] "GET /static/index.js HTTP/1.1" 200 2027
[10/Mar/2023 12:57:56] "GET /static/images/admin.png HTTP/1.1" 200 8229
[10/Mar/2023 12:57:56] "GET /static/fontawesome-free/webfonts/fa-solid-900.woff2 HTTP/1.1" 200 80328
[10/Mar/2023 12:57:58] "GET /static/images/olatlogo_300dpi_updated.png HTTP/1.1" 200 211692
[10/Mar/2023 12:58:06] "GET /newchange HTTP/1.1" 301 0
2023-03-10 12:58:06,792 django.request ERROR    Internal Server Error: /newchange/
Traceback (most recent call last):
  File "/home/itsm/Desktop/itsm/Ola_Itsm/ticketing_tool/venv/lib/python3.10/site-packages/django/core/handlers/exception.py", line 55, in inner
    response = get_response(request)
  File "/home/itsm/Desktop/itsm/Ola_Itsm/ticketing_tool/venv/lib/python3.10/site-packages/django/core/handlers/base.py", line 197, in _get_response
    response = wrapped_callback(request, *callback_args, **callback_kwargs)
  File "/home/itsm/Desktop/itsm/Ola_Itsm/ticketing_tool/venv/lib/python3.10/site-packages/django/contrib/auth/decorators.py", line 23, in _wrapped_view
    return view_func(request, *args, **kwargs)
  File "/home/itsm/Desktop/itsm/Ola_Itsm/ticketing_tool/techticket/tool/views.py", line 1267, in newchange
    if user.ch_organization.ch_name == "Inhouse":
AttributeError: 'NoneType' object has no attribute 'ch_name'
[10/Mar/2023 12:58:06] "GET /newchange/ HTTP/1.1" 500 71065
[10/Mar/2023 12:58:26] "GET /role_display HTTP/1.1" 200 23823
[10/Mar/2023 12:58:32] "POST /role_add HTTP/1.1" 302 0
[10/Mar/2023 12:58:32] "GET /role_display HTTP/1.1" 200 34827
[10/Mar/2023 12:58:38] "GET /user_display HTTP/1.1" 200 19175
/home/itsm/Desktop/itsm/Ola_Itsm/ticketing_tool/techticket/tool/views.py:632: UnorderedObjectListWarning: Pagination may yield inconsistent results with an unordered object_list: <class 'tool.models.cl_New_organization'> QuerySet.
  paginator = Paginator(org, 10)
[10/Mar/2023 12:58:45] "GET /new_organization/ HTTP/1.1" 200 19734
[10/Mar/2023 12:58:57] "GET /dashboard HTTP/1.1" 301 0
[10/Mar/2023 12:58:57] "GET /dashboard/ HTTP/1.1" 200 20067
[10/Mar/2023 12:59:18] "POST /OrgADD HTTP/1.1" 302 0
[10/Mar/2023 12:59:18] "GET /new_organization/ HTTP/1.1" 200 22894
/home/itsm/Desktop/itsm/Ola_Itsm/ticketing_tool/techticket/tool/views.py:1145: UnorderedObjectListWarning: Pagination may yield inconsistent results with an unordered object_list: <class 'tool.models.cl_Team'> QuerySet.
  paginator = Paginator(tem, 10)
[10/Mar/2023 12:59:54] "GET /team/ HTTP/1.1" 200 19523
[10/Mar/2023 13:00:31] "GET /get_people_by_org?org_id=1&csrfmiddlewaretoken=vTGTDekd74GZ0Id32tWTaZttDehav65KYGnInbh220fANIcVGa4ken5QRbpsUh1X HTTP/1.1" 200 2
[10/Mar/2023 13:00:36] "POST /tadd HTTP/1.1" 302 0
[10/Mar/2023 13:00:36] "GET /team/ HTTP/1.1" 200 24840
[10/Mar/2023 13:00:41] "GET /contact/ HTTP/1.1" 200 11786
/home/itsm/Desktop/itsm/Ola_Itsm/ticketing_tool/techticket/tool/views.py:727: UnorderedObjectListWarning: Pagination may yield inconsistent results with an unordered object_list: <class 'tool.models.cl_Person'> QuerySet.
  paginator = Paginator(per, 10)
[10/Mar/2023 13:00:43] "GET /client/ HTTP/1.1" 200 21656
[10/Mar/2023 13:01:07] "GET /logout HTTP/1.1" 301 0
[10/Mar/2023 13:01:07] "GET /logout/ HTTP/1.1" 200 3449
[10/Mar/2023 13:05:35] "GET /role_display HTTP/1.1" 200 34827
[10/Mar/2023 13:05:35] "GET /static/fontawesome-free/css/all.min.css HTTP/1.1" 304 0
[10/Mar/2023 13:05:35] "GET /static/style.css HTTP/1.1" 304 0
[10/Mar/2023 13:05:35] "GET /static/index.js HTTP/1.1" 304 0
[10/Mar/2023 13:05:35] "GET /static/images/olatlogo_300dpi_updated.png HTTP/1.1" 304 0
[10/Mar/2023 13:05:35] "GET /static/images/admin.png HTTP/1.1" 304 0
[10/Mar/2023 13:05:35] "GET /static/fontawesome-free/webfonts/fa-solid-900.woff2 HTTP/1.1" 304 0
[10/Mar/2023 13:05:41] "GET /new_organization/ HTTP/1.1" 200 22894
[10/Mar/2023 13:05:46] "GET /login_render/?next=/ HTTP/1.1" 200 3449
2023-03-10 13:05:48,456 django.request WARNING  Not Found: /favicon.ico
[10/Mar/2023 13:05:48] "GET /favicon.ico HTTP/1.1" 404 49046
[10/Mar/2023 13:05:49] "GET /servicenav HTTP/1.1" 301 0
[10/Mar/2023 13:05:49] "GET /servicenav/ HTTP/1.1" 200 15098
[10/Mar/2023 13:05:52] "GET /user_display HTTP/1.1" 200 19247
[10/Mar/2023 13:06:08] "POST /login HTTP/1.1" 302 0
[10/Mar/2023 13:06:08] "GET / HTTP/1.1" 200 20067
[10/Mar/2023 13:06:32] "GET /logout/ HTTP/1.1" 200 3449
[10/Mar/2023 13:08:52] "GET /logout HTTP/1.1" 301 0
[10/Mar/2023 13:08:52] "GET /logout/ HTTP/1.1" 200 3449
[10/Mar/2023 13:08:52] "GET /static/images/mountains-1112911_1920.jpg HTTP/1.1" 304 0
2023-03-10 13:28:03,443 django.request ERROR    Internal Server Error: /newchange/
Traceback (most recent call last):
  File "/home/itsm/Desktop/itsm/Ola_Itsm/ticketing_tool/venv/lib/python3.10/site-packages/django/core/handlers/exception.py", line 55, in inner
    response = get_response(request)
  File "/home/itsm/Desktop/itsm/Ola_Itsm/ticketing_tool/venv/lib/python3.10/site-packages/django/core/handlers/base.py", line 197, in _get_response
    response = wrapped_callback(request, *callback_args, **callback_kwargs)
  File "/home/itsm/Desktop/itsm/Ola_Itsm/ticketing_tool/venv/lib/python3.10/site-packages/django/contrib/auth/decorators.py", line 23, in _wrapped_view
    return view_func(request, *args, **kwargs)
  File "/home/itsm/Desktop/itsm/Ola_Itsm/ticketing_tool/techticket/tool/views.py", line 1267, in newchange
    if user.ch_organization.ch_name == "Inhouse":
AttributeError: 'NoneType' object has no attribute 'ch_name'
[10/Mar/2023 13:28:03] "GET /newchange/ HTTP/1.1" 500 71122
[10/Mar/2023 14:14:23] "GET /logout/ HTTP/1.1" 302 0
[10/Mar/2023 14:14:23] "GET /login_render/?next=/logout/ HTTP/1.1" 200 3449
[10/Mar/2023 14:14:23] "GET /static/images/mountains-1112911_1920.jpg HTTP/1.1" 304 0
[10/Mar/2023 14:14:27] "GET /login_render/?next=/logout/ HTTP/1.1" 200 3449
[10/Mar/2023 14:16:01] "GET /login_render/?next=/logout/ HTTP/1.1" 200 3449
[10/Mar/2023 14:16:04] "GET /login_render/?next=/logout/ HTTP/1.1" 200 3449
[10/Mar/2023 14:16:11] "GET /login_render/?next=/logout/ HTTP/1.1" 200 3603
[10/Mar/2023 14:16:12] "GET /static/images/olatlogo_300dpi_updated.png HTTP/1.1" 304 0
[10/Mar/2023 14:16:54] "GET /login_render/?next=/logout/ HTTP/1.1" 200 3603
[10/Mar/2023 14:18:09] "GET /login_render/?next=/logout/ HTTP/1.1" 200 3609
[10/Mar/2023 14:19:17] "GET /login_render/?next=/logout/ HTTP/1.1" 200 3641
[10/Mar/2023 14:20:10] "GET /login_render/?next=/logout/ HTTP/1.1" 200 3641
[10/Mar/2023 14:21:32] "GET / HTTP/1.1" 302 0
[10/Mar/2023 14:21:32] "GET /login_render/?next=/ HTTP/1.1" 200 3641
[10/Mar/2023 14:21:33] "GET /static/images/olatlogo_300dpi_updated.png HTTP/1.1" 200 211692
[10/Mar/2023 14:22:03] "GET /login_render/?next=/ HTTP/1.1" 200 3641
[10/Mar/2023 14:22:52] "GET /login_render/?next=/logout/ HTTP/1.1" 200 3641
[10/Mar/2023 14:25:42] "GET / HTTP/1.1" 200 20067
[10/Mar/2023 14:25:42] "GET /static/style.css HTTP/1.1" 304 0
[10/Mar/2023 14:25:43] "GET /static/index.js HTTP/1.1" 304 0
[10/Mar/2023 14:25:43] "GET /static/fontawesome-free/css/all.min.css HTTP/1.1" 304 0
[10/Mar/2023 14:25:43] "GET /static/images/olatlogo_300dpi_updated.png HTTP/1.1" 304 0
[10/Mar/2023 14:25:43] "GET /static/images/admin.png HTTP/1.1" 304 0
[10/Mar/2023 14:25:43] "GET /static/fontawesome-free/webfonts/fa-solid-900.woff2 HTTP/1.1" 304 0
[10/Mar/2023 14:25:51] "GET / HTTP/1.1" 200 20067
[10/Mar/2023 14:26:01] "GET /login_render/?next=/logout/ HTTP/1.1" 200 3641
[10/Mar/2023 14:26:03] "GET / HTTP/1.1" 200 20067
[10/Mar/2023 14:26:19] "GET /logout HTTP/1.1" 301 0
[10/Mar/2023 14:26:20] "GET /logout/ HTTP/1.1" 200 3641
[10/Mar/2023 14:26:30] "GET /login_render/?next=/logout/ HTTP/1.1" 200 3641
[10/Mar/2023 14:27:31] "GET / HTTP/1.1" 200 20067
[10/Mar/2023 14:27:31] "GET /static/fontawesome-free/css/all.min.css HTTP/1.1" 304 0
[10/Mar/2023 14:27:31] "GET /static/style.css HTTP/1.1" 304 0
[10/Mar/2023 14:27:31] "GET /static/index.js HTTP/1.1" 304 0
[10/Mar/2023 14:27:31] "GET /static/images/olatlogo_300dpi_updated.png HTTP/1.1" 304 0
[10/Mar/2023 14:27:32] "GET /static/images/admin.png HTTP/1.1" 304 0
[10/Mar/2023 14:27:32] "GET /static/fontawesome-free/webfonts/fa-solid-900.woff2 HTTP/1.1" 304 0
[10/Mar/2023 14:32:24] "GET /login_render/?next=/logout/ HTTP/1.1" 200 3638
[10/Mar/2023 14:32:56] "GET /login_render/?next=/logout/ HTTP/1.1" 200 3647
[10/Mar/2023 14:33:20] "GET /login_render/?next=/logout/ HTTP/1.1" 200 3649
[10/Mar/2023 14:33:35] "GET /login_render/?next=/logout/ HTTP/1.1" 200 3649
[10/Mar/2023 14:34:46] "GET /login_render/?next=/logout/ HTTP/1.1" 200 3659
[10/Mar/2023 14:34:46] "GET /static/images/olatlogo_300dpi_updated.png HTTP/1.1" 304 0
[10/Mar/2023 14:35:01] "GET /login_render/?next=/logout/ HTTP/1.1" 200 3659
[10/Mar/2023 14:45:18] "POST /login HTTP/1.1" 302 0
[10/Mar/2023 14:45:19] "GET / HTTP/1.1" 200 20067
[10/Mar/2023 14:45:19] "GET /static/fontawesome-free/css/all.min.css HTTP/1.1" 304 0
[10/Mar/2023 14:45:19] "GET /static/style.css HTTP/1.1" 304 0
[10/Mar/2023 14:45:19] "GET /static/index.js HTTP/1.1" 304 0
[10/Mar/2023 14:45:19] "GET /static/images/admin.png HTTP/1.1" 304 0
[10/Mar/2023 14:45:19] "GET /static/images/olatlogo_300dpi_updated.png HTTP/1.1" 304 0
[10/Mar/2023 14:45:19] "GET /static/fontawesome-free/webfonts/fa-solid-900.woff2 HTTP/1.1" 304 0
/home/itsm/Desktop/itsm/Ola_Itsm/ticketing_tool/techticket/tool/views.py:4053: UnorderedObjectListWarning: Pagination may yield inconsistent results with an unordered object_list: <class 'tool.models.boat_notifier'> QuerySet.
  paginator = Paginator(boat, 10)
[10/Mar/2023 14:45:27] "GET /boat_display HTTP/1.1" 200 17821
[10/Mar/2023 14:46:03] "GET /team/ HTTP/1.1" 200 24840
[10/Mar/2023 14:46:23] "GET /user_display HTTP/1.1" 200 19247
[10/Mar/2023 14:47:58] "GET /logout/ HTTP/1.1" 200 3657
[10/Mar/2023 14:48:13] "POST /login HTTP/1.1" 302 0
[10/Mar/2023 14:48:13] "GET / HTTP/1.1" 200 20067
[10/Mar/2023 14:54:30] "GET / HTTP/1.1" 302 0
[10/Mar/2023 14:54:30] "GET /login_render/?next=/ HTTP/1.1" 200 3657
2023-03-10 14:54:31,863 django.request WARNING  Not Found: /favicon.ico
[10/Mar/2023 14:54:31] "GET /favicon.ico HTTP/1.1" 404 49046
[10/Mar/2023 14:54:32] "GET /static/images/olatlogo_300dpi_updated.png HTTP/1.1" 200 211692
[10/Mar/2023 14:57:02] "GET /login_render/?next=/ HTTP/1.1" 200 3657
[10/Mar/2023 14:57:04] "GET /static/images/olatlogo_300dpi_updated.png HTTP/1.1" 200 211692
[10/Mar/2023 14:57:09] "POST /login HTTP/1.1" 302 0
[10/Mar/2023 14:57:09] "GET / HTTP/1.1" 302 0
[10/Mar/2023 14:57:09] "GET /login_render/?next=/ HTTP/1.1" 200 3721
[10/Mar/2023 15:07:25] "POST /login HTTP/1.1" 302 0
[10/Mar/2023 15:07:25] "GET / HTTP/1.1" 200 20067
[10/Mar/2023 15:07:25] "GET /static/fontawesome-free/css/all.min.css HTTP/1.1" 200 58935
[10/Mar/2023 15:07:26] "GET /static/style.css HTTP/1.1" 200 9896
[10/Mar/2023 15:07:26] "GET /static/index.js HTTP/1.1" 200 2027
[10/Mar/2023 15:07:26] "GET /static/images/admin.png HTTP/1.1" 200 8229
[10/Mar/2023 15:07:26] "GET /static/fontawesome-free/webfonts/fa-solid-900.woff2 HTTP/1.1" 200 80328
[10/Mar/2023 15:12:02] "GET / HTTP/1.1" 302 0
[10/Mar/2023 15:12:02] "GET /login_render/?next=/ HTTP/1.1" 200 3657
[10/Mar/2023 15:12:04] "GET /static/images/olatlogo_300dpi_updated.png HTTP/1.1" 200 211692
[10/Mar/2023 15:12:22] "GET /login_render/?next=/ HTTP/1.1" 200 3657
[10/Mar/2023 15:12:22] "GET /static/images/olatlogo_300dpi_updated.png HTTP/1.1" 304 0
[10/Mar/2023 15:12:26] "GET /login_render/?next=/ HTTP/1.1" 200 3657
[10/Mar/2023 15:12:28] "GET /login_render/?next=/ HTTP/1.1" 200 3657
[10/Mar/2023 15:12:28] "GET /login_render/?next=/ HTTP/1.1" 200 3657
[10/Mar/2023 15:12:32] "GET /login_render/?next=/ HTTP/1.1" 200 3657
[10/Mar/2023 15:12:32] "GET /static/images/olatlogo_300dpi_updated.png HTTP/1.1" 304 0
[10/Mar/2023 15:12:36] "GET /login_render/?next=/ HTTP/1.1" 200 3657
[10/Mar/2023 15:12:41] "GET / HTTP/1.1" 302 0
[10/Mar/2023 15:12:41] "GET /login_render/?next=/ HTTP/1.1" 200 3657
[10/Mar/2023 15:14:23] "GET /login_render/?next=/ HTTP/1.1" 200 3657
[10/Mar/2023 15:14:26] "GET /login_render/?next=/ HTTP/1.1" 200 3657
[10/Mar/2023 15:14:32] "GET /login_render/?next=/ HTTP/1.1" 200 3657
[10/Mar/2023 15:24:12] "GET /logout HTTP/1.1" 301 0
[10/Mar/2023 15:24:12] "GET /logout/ HTTP/1.1" 200 3657
[10/Mar/2023 15:24:12] "GET /static/images/olatlogo_300dpi_updated.png HTTP/1.1" 304 0
[10/Mar/2023 15:24:15] "GET /user_display HTTP/1.1" 200 19247
[10/Mar/2023 15:24:16] "GET /static/fontawesome-free/css/all.min.css HTTP/1.1" 304 0
[10/Mar/2023 15:24:16] "GET /static/style.css HTTP/1.1" 304 0
[10/Mar/2023 15:24:16] "GET /static/index.js HTTP/1.1" 304 0
[10/Mar/2023 15:24:16] "GET /static/images/olatlogo_300dpi_updated.png HTTP/1.1" 304 0
[10/Mar/2023 15:24:16] "GET /static/images/admin.png HTTP/1.1" 304 0
[10/Mar/2023 15:24:18] "GET /logout/ HTTP/1.1" 302 0
[10/Mar/2023 15:24:18] "GET /login_render/?next=/logout/ HTTP/1.1" 200 3657
[10/Mar/2023 15:24:44] "POST /login HTTP/1.1" 302 0
[10/Mar/2023 15:24:44] "GET / HTTP/1.1" 200 20067
[10/Mar/2023 15:24:44] "GET /static/fontawesome-free/css/all.min.css HTTP/1.1" 304 0
[10/Mar/2023 15:24:44] "GET /static/style.css HTTP/1.1" 304 0
[10/Mar/2023 15:24:44] "GET /static/index.js HTTP/1.1" 304 0
[10/Mar/2023 15:24:44] "GET /static/images/admin.png HTTP/1.1" 304 0
[10/Mar/2023 15:24:45] "GET /static/fontawesome-free/webfonts/fa-solid-900.woff2 HTTP/1.1" 304 0
[10/Mar/2023 15:27:49] "GET /get_Existing_user?user_emailID=vidya.a.rakate%40gmail.com&csrfmiddlewaretoken=69sPjrYL5zOWm2AW5ACLddrcN72qwJOytNKhi359vvv3EwTnr49BFkLXZFGNJuRV HTTP/1.1" 200 1
[10/Mar/2023 15:28:27] "GET /get_Existing_user?user_emailID=vidya.r%40olatechs.com&csrfmiddlewaretoken=69sPjrYL5zOWm2AW5ACLddrcN72qwJOytNKhi359vvv3EwTnr49BFkLXZFGNJuRV HTTP/1.1" 200 1
[10/Mar/2023 15:29:15] "POST /add_new_user HTTP/1.1" 302 0
[10/Mar/2023 15:29:15] "GET /user_display HTTP/1.1" 200 22718
[10/Mar/2023 15:29:24] "GET /logout/ HTTP/1.1" 200 3657
[10/Mar/2023 15:29:32] "POST /login HTTP/1.1" 302 0
[10/Mar/2023 15:29:32] "GET / HTTP/1.1" 200 20067
